# JRE version: Java(TM) SE Runtime Environment (17.0.12+8) (build 17.0.12+8-LTS-286)
# Java VM: Java HotSpot(TM) 64-Bit Server VM (17.0.12+8-LTS-286, mixed mode, emulated-client, sharing, tiered, compressed oops, compressed class ptrs, g1 gc, windows-amd64)
GC Precious Log:
 CPUs: 4 total, 4 available
 Memory: 8075M
 Large Page Support: Disabled
 NUMA Support: Disabled
 Compressed Oops: Enabled (32-bit)
 Heap Region Size: 1M
 Heap Min Capacity: 8M
 Heap Initial Capacity: 128M
 Heap Max Capacity: 2020M
 Pre-touch: Disabled
 Parallel Workers: 4
 Concurrent Workers: 1
 Concurrent Refinement Workers: 4
 Periodic GC: Disabled
Heap:
 garbage-first heap   total 270336K, used 111815K [0x0000000081c00000, 0x0000000100000000)
  region size 1024K, 16 young (16384K), 16 survivors (16384K)
 Metaspace       used 74719K, committed 75392K, reserved 1114112K
  class space    used 10877K, committed 11200K, reserved 1048576K
GC Heap History (20 events):
Event: 9.421 GC heap after
{Heap after GC invocations=24 (full 0):
 garbage-first heap   total 121856K, used 52806K [0x0000000081c00000, 0x0000000100000000)
  region size 1024K, 4 young (4096K), 4 survivors (4096K)
 Metaspace       used 71277K, committed 71936K, reserved 1114112K
  class space    used 10424K, committed 10752K, reserved 1048576K
}
Event: 9.522 GC heap before
{Heap before GC invocations=24 (full 0):
 garbage-first heap   total 135168K, used 87622K [0x0000000081c00000, 0x0000000100000000)
  region size 1024K, 38 young (38912K), 4 survivors (4096K)
 Metaspace       used 71277K, committed 71936K, reserved 1114112K
  class space    used 10424K, committed 10752K, reserved 1048576K
}
Event: 9.535 GC heap after
{Heap after GC invocations=25 (full 0):
 garbage-first heap   total 135168K, used 65488K [0x0000000081c00000, 0x0000000100000000)
  region size 1024K, 5 young (5120K), 5 survivors (5120K)
 Metaspace       used 71277K, committed 71936K, reserved 1114112K
  class space    used 10424K, committed 10752K, reserved 1048576K
}
Event: 9.617 GC heap before
{Heap before GC invocations=26 (full 0):
 garbage-first heap   total 135168K, used 97232K [0x0000000081c00000, 0x0000000100000000)
  region size 1024K, 36 young (36864K), 5 survivors (5120K)
 Metaspace       used 71277K, committed 71936K, reserved 1114112K
  class space    used 10424K, committed 10752K, reserved 1048576K
}
Event: 9.632 GC heap after
{Heap after GC invocations=27 (full 0):
 garbage-first heap   total 135168K, used 77117K [0x0000000081c00000, 0x0000000100000000)
  region size 1024K, 5 young (5120K), 5 survivors (5120K)
 Metaspace       used 71277K, committed 71936K, reserved 1114112K
  class space    used 10424K, committed 10752K, reserved 1048576K
}
Event: 9.705 GC heap before
{Heap before GC invocations=27 (full 0):
 garbage-first heap   total 135168K, used 100669K [0x0000000081c00000, 0x0000000100000000)
  region size 1024K, 28 young (28672K), 5 survivors (5120K)
 Metaspace       used 71348K, committed 72064K, reserved 1114112K
  class space    used 10464K, committed 10816K, reserved 1048576K
}
Event: 9.713 GC heap after
{Heap after GC invocations=28 (full 0):
 garbage-first heap   total 135168K, used 80485K [0x0000000081c00000, 0x0000000100000000)
  region size 1024K, 3 young (3072K), 3 survivors (3072K)
 Metaspace       used 71348K, committed 72064K, reserved 1114112K
  class space    used 10464K, committed 10816K, reserved 1048576K
}
Event: 9.777 GC heap before
{Heap before GC invocations=28 (full 0):
 garbage-first heap   total 135168K, used 103013K [0x0000000081c00000, 0x0000000100000000)
  region size 1024K, 25 young (25600K), 3 survivors (3072K)
 Metaspace       used 71352K, committed 72064K, reserved 1114112K
  class space    used 10465K, committed 10816K, reserved 1048576K
}
Event: 9.782 GC heap after
{Heap after GC invocations=29 (full 0):
 garbage-first heap   total 135168K, used 83317K [0x0000000081c00000, 0x0000000100000000)
  region size 1024K, 4 young (4096K), 4 survivors (4096K)
 Metaspace       used 71352K, committed 72064K, reserved 1114112K
  class space    used 10465K, committed 10816K, reserved 1048576K
}
Event: 9.896 GC heap before
{Heap before GC invocations=30 (full 0):
 garbage-first heap   total 135168K, used 97653K [0x0000000081c00000, 0x0000000100000000)
  region size 1024K, 26 young (26624K), 4 survivors (4096K)
 Metaspace       used 71468K, committed 72192K, reserved 1114112K
  class space    used 10483K, committed 10816K, reserved 1048576K
}
Event: 9.901 GC heap after
{Heap after GC invocations=31 (full 0):
 garbage-first heap   total 135168K, used 78846K [0x0000000081c00000, 0x0000000100000000)
  region size 1024K, 4 young (4096K), 4 survivors (4096K)
 Metaspace       used 71468K, committed 72192K, reserved 1114112K
  class space    used 10483K, committed 10816K, reserved 1048576K
}
Event: 9.911 GC heap before
{Heap before GC invocations=31 (full 0):
 garbage-first heap   total 135168K, used 80894K [0x0000000081c00000, 0x0000000100000000)
  region size 1024K, 6 young (6144K), 4 survivors (4096K)
 Metaspace       used 71468K, committed 72192K, reserved 1114112K
  class space    used 10483K, committed 10816K, reserved 1048576K
}
Event: 9.917 GC heap after
{Heap after GC invocations=32 (full 0):
 garbage-first heap   total 270336K, used 65550K [0x0000000081c00000, 0x0000000100000000)
  region size 1024K, 1 young (1024K), 1 survivors (1024K)
 Metaspace       used 71468K, committed 72192K, reserved 1114112K
  class space    used 10483K, committed 10816K, reserved 1048576K
}
Event: 9.963 GC heap before
{Heap before GC invocations=32 (full 0):
 garbage-first heap   total 270336K, used 77838K [0x0000000081c00000, 0x0000000100000000)
  region size 1024K, 13 young (13312K), 1 survivors (1024K)
 Metaspace       used 71468K, committed 72192K, reserved 1114112K
  class space    used 10483K, committed 10816K, reserved 1048576K
}
Event: 9.967 GC heap after
{Heap after GC invocations=33 (full 0):
 garbage-first heap   total 270336K, used 67662K [0x0000000081c00000, 0x0000000100000000)
  region size 1024K, 2 young (2048K), 2 survivors (2048K)
 Metaspace       used 71468K, committed 72192K, reserved 1114112K
  class space    used 10483K, committed 10816K, reserved 1048576K
}
Event: 10.330 GC heap before
{Heap before GC invocations=33 (full 0):
 garbage-first heap   total 270336K, used 179278K [0x0000000081c00000, 0x0000000100000000)
  region size 1024K, 111 young (113664K), 2 survivors (2048K)
 Metaspace       used 71480K, committed 72192K, reserved 1114112K
  class space    used 10484K, committed 10816K, reserved 1048576K
}
Event: 10.338 GC heap after
{Heap after GC invocations=34 (full 0):
 garbage-first heap   total 270336K, used 72265K [0x0000000081c00000, 0x0000000100000000)
  region size 1024K, 7 young (7168K), 7 survivors (7168K)
 Metaspace       used 71480K, committed 72192K, reserved 1114112K
  class space    used 10484K, committed 10816K, reserved 1048576K
}
Event: 10.687 GC heap before
{Heap before GC invocations=34 (full 0):
 garbage-first heap   total 270336K, used 203337K [0x0000000081c00000, 0x0000000100000000)
  region size 1024K, 134 young (137216K), 7 survivors (7168K)
 Metaspace       used 71481K, committed 72192K, reserved 1114112K
  class space    used 10484K, committed 10816K, reserved 1048576K
}
Event: 10.706 GC heap after
{Heap after GC invocations=35 (full 0):
 garbage-first heap   total 270336K, used 91492K [0x0000000081c00000, 0x0000000100000000)
  region size 1024K, 17 young (17408K), 17 survivors (17408K)
 Metaspace       used 71481K, committed 72192K, reserved 1114112K
  class space    used 10484K, committed 10816K, reserved 1048576K
}
Event: 12.446 GC heap before
{Heap before GC invocations=35 (full 0):
 garbage-first heap   total 270336K, used 207204K [0x0000000081c00000, 0x0000000100000000)
  region size 1024K, 128 young (131072K), 17 survivors (17408K)
 Metaspace       used 74719K, committed 75392K, reserved 1114112K
  class space    used 10877K, committed 11200K, reserved 1048576K
}

